<?xml version="1.0" encoding="UTF-8"?>
<!-- Generated by org.testng.reporters.JUnitReportReporter -->
<testsuite skipped="0" hostname="DESKTOP-KH23AO5" name="driverscript.DriverClass" tests="2" failures="0" timestamp="23 Nov 2017 09:35:07 GMT" time="33.338" errors="0">
  <testcase name="TC1" time="24.060" classname="driverscript.DriverClass"/>
  <testcase name="TC2" time="9.278" classname="driverscript.DriverClass"/>
</testsuite> <!-- driverscript.DriverClass -->
